Setting todo_id 2 to status 1
Setting todo_id 3 to status 1
Rendering todo: [ ] create to do list
Rendering todo: [x] whats up
Rendering todo: [x] whats up
Rendering todo: [ ] lesss gooo
Rendering todo: [ ] what is up gamers
Rendering todo: [ ] vibe code some more
Rendering todo: [ ] test
Rendering todo: [ ] hi
Rendering todo: [ ] what
Rendering todo: [ ] j
Rendering todo: [ ] what
Rendering todo: [ ] test
Rendering todo: [ ] test
Rendering todo: [ ] what is up
Rendering todo: [ ] test
Rendering todo: [ ] j
Rendering todo: [ ] create to do list
Rendering todo: [x] whats up
Rendering todo: [x] whats up
Rendering todo: [ ] lesss gooo
Rendering todo: [ ] what is up gamers
Rendering todo: [ ] vibe code some more
Rendering todo: [ ] test
Rendering todo: [ ] hi
Rendering todo: [ ] what
Rendering todo: [ ] j
Rendering todo: [ ] what
Rendering todo: [ ] test
Rendering todo: [ ] test
Rendering todo: [ ] what is up
Rendering todo: [ ] test
Rendering todo: [ ] j
Rendering todo: [ ] create to do list
Rendering todo: [x] whats up
Rendering todo: [x] whats up
Rendering todo: [ ] lesss gooo
Rendering todo: [ ] what is up gamers
Rendering todo: [ ] vibe code some more
Rendering todo: [ ] test
Rendering todo: [ ] hi
Rendering todo: [ ] what
Rendering todo: [ ] j
Rendering todo: [ ] what
Rendering todo: [ ] test
Rendering todo: [ ] test
Rendering todo: [ ] what is up
Rendering todo: [ ] test
Rendering todo: [ ] j
Rendering todo: [ ] create to do list
Rendering todo: [x] whats up
Rendering todo: [x] whats up
Rendering todo: [ ] lesss gooo
Rendering todo: [ ] what is up gamers
Rendering todo: [ ] vibe code some more
Rendering todo: [ ] test
Rendering todo: [ ] hi
Rendering todo: [ ] what
Rendering todo: [ ] j
Rendering todo: [ ] what
Rendering todo: [ ] test
Rendering todo: [ ] test
Rendering todo: [ ] what is up
Rendering todo: [ ] test
Rendering todo: [ ] j
Rendering todo: [ ] create to do list
Rendering todo: [x] whats up
Rendering todo: [x] whats up
Rendering todo: [ ] lesss gooo
Rendering todo: [ ] what is up gamers
Rendering todo: [ ] vibe code some more
Rendering todo: [ ] test
Rendering todo: [ ] hi
Rendering todo: [ ] what
Rendering todo: [ ] j
Rendering todo: [ ] what
Rendering todo: [ ] test
Rendering todo: [ ] test
Rendering todo: [ ] what is up
Rendering todo: [ ] test
Rendering todo: [ ] j
Rendering todo: [ ] create to do list
Rendering todo: [x] whats up
Rendering todo: [x] whats up
Rendering todo: [ ] lesss gooo
Rendering todo: [ ] what is up gamers
Rendering todo: [ ] vibe code some more
Rendering todo: [ ] test
Rendering todo: [ ] hi
Rendering todo: [ ] what
Rendering todo: [ ] j
Rendering todo: [ ] what
Rendering todo: [ ] test
Rendering todo: [ ] test
Rendering todo: [ ] what is up
Rendering todo: [ ] test
Rendering todo: [ ] j
Setting todo_id 2 to status 0
Rendering todo: [ ] create to do list
Rendering todo: [ ] whats up
Rendering todo: [x] whats up
Rendering todo: [ ] lesss gooo
Rendering todo: [ ] what is up gamers
Rendering todo: [ ] vibe code some more
Rendering todo: [ ] test
Rendering todo: [ ] hi
Rendering todo: [ ] what
Rendering todo: [ ] j
Rendering todo: [ ] what
Rendering todo: [ ] test
Rendering todo: [ ] test
Rendering todo: [ ] what is up
Rendering todo: [ ] test
Rendering todo: [ ] j
Rendering todo: [ ] create to do list
Rendering todo: [ ] whats up
Rendering todo: [x] whats up
Rendering todo: [ ] lesss gooo
Rendering todo: [ ] what is up gamers
Rendering todo: [ ] vibe code some more
Rendering todo: [ ] test
Rendering todo: [ ] hi
Rendering todo: [ ] what
Rendering todo: [ ] j
Rendering todo: [ ] what
Rendering todo: [ ] test
Rendering todo: [ ] test
Rendering todo: [ ] what is up
Rendering todo: [ ] test
Rendering todo: [ ] j
Setting todo_id 3 to status 0
Rendering todo: [ ] create to do list
Rendering todo: [ ] whats up
Rendering todo: [ ] whats up
Rendering todo: [ ] lesss gooo
Rendering todo: [ ] what is up gamers
Rendering todo: [ ] vibe code some more
Rendering todo: [ ] test
Rendering todo: [ ] hi
Rendering todo: [ ] what
Rendering todo: [ ] j
Rendering todo: [ ] what
Rendering todo: [ ] test
Rendering todo: [ ] test
Rendering todo: [ ] what is up
Rendering todo: [ ] test
Rendering todo: [ ] j
Rendering todo: [ ] create to do list
Rendering todo: [ ] whats up
Rendering todo: [ ] whats up
Rendering todo: [ ] lesss gooo
Rendering todo: [ ] what is up gamers
Rendering todo: [ ] vibe code some more
Rendering todo: [ ] test
Rendering todo: [ ] hi
Rendering todo: [ ] what
Rendering todo: [ ] j
Rendering todo: [ ] what
Rendering todo: [ ] test
Rendering todo: [ ] test
Rendering todo: [ ] what is up
Rendering todo: [ ] test
Rendering todo: [ ] j
Rendering todo: [ ] create to do list
Rendering todo: [ ] whats up
Rendering todo: [ ] whats up
Rendering todo: [ ] lesss gooo
Rendering todo: [ ] what is up gamers
Rendering todo: [ ] vibe code some more
Rendering todo: [ ] test
Rendering todo: [ ] hi
Rendering todo: [ ] what
Rendering todo: [ ] j
Rendering todo: [ ] what
Rendering todo: [ ] test
Rendering todo: [ ] test
Rendering todo: [ ] what is up
Rendering todo: [ ] test
Rendering todo: [ ] j
Rendering todo: [ ] create to do list
Rendering todo: [ ] whats up
Rendering todo: [ ] whats up
Rendering todo: [ ] lesss gooo
Rendering todo: [ ] what is up gamers
Rendering todo: [ ] vibe code some more
Rendering todo: [ ] test
Rendering todo: [ ] hi
Rendering todo: [ ] what
Rendering todo: [ ] j
Rendering todo: [ ] what
Rendering todo: [ ] test
Rendering todo: [ ] test
Rendering todo: [ ] what is up
Rendering todo: [ ] test
Rendering todo: [ ] j
Setting todo_id 2 to status 1
Rendering todo: [ ] create to do list
Rendering todo: [x] whats up
Rendering todo: [ ] whats up
Rendering todo: [ ] lesss gooo
Rendering todo: [ ] what is up gamers
Rendering todo: [ ] vibe code some more
Rendering todo: [ ] test
Rendering todo: [ ] hi
Rendering todo: [ ] what
Rendering todo: [ ] j
Rendering todo: [ ] what
Rendering todo: [ ] test
Rendering todo: [ ] test
Rendering todo: [ ] what is up
Rendering todo: [ ] test
Rendering todo: [ ] j
Rendering todo: [ ] create to do list
Rendering todo: [x] whats up
Rendering todo: [ ] whats up
Rendering todo: [ ] lesss gooo
Rendering todo: [ ] what is up gamers
Rendering todo: [ ] vibe code some more
Rendering todo: [ ] test
Rendering todo: [ ] hi
Rendering todo: [ ] what
Rendering todo: [ ] j
Rendering todo: [ ] what
Rendering todo: [ ] test
Rendering todo: [ ] test
Rendering todo: [ ] what is up
Rendering todo: [ ] test
Rendering todo: [ ] j
Setting todo_id 3 to status 1
Rendering todo: [ ] create to do list
Rendering todo: [x] whats up
Rendering todo: [x] whats up
Rendering todo: [ ] lesss gooo
Rendering todo: [ ] what is up gamers
Rendering todo: [ ] vibe code some more
Rendering todo: [ ] test
Rendering todo: [ ] hi
Rendering todo: [ ] what
Rendering todo: [ ] j
Rendering todo: [ ] what
Rendering todo: [ ] test
Rendering todo: [ ] test
Rendering todo: [ ] what is up
Rendering todo: [ ] test
Rendering todo: [ ] j
lines: ['-> [ ] create to do list', '   [x] whats up', '   [x] whats up', '   [ ] lesss gooo', '   [ ] what is up gamers', '   [ ] vibe code some more', '   [ ] test', '   [ ] hi', '   [ ] what', '   [ ] j', '   [ ] what', '   [ ] test', '   [ ] test', '   [ ] what is up', '   [ ] test', '   [ ] j']
lines: ['   [ ] create to do list', '-> [x] whats up', '   [x] whats up', '   [ ] lesss gooo', '   [ ] what is up gamers', '   [ ] vibe code some more', '   [ ] test', '   [ ] hi', '   [ ] what', '   [ ] j', '   [ ] what', '   [ ] test', '   [ ] test', '   [ ] what is up', '   [ ] test', '   [ ] j']
lines: ['   [ ] create to do list', '   [x] whats up', '-> [x] whats up', '   [ ] lesss gooo', '   [ ] what is up gamers', '   [ ] vibe code some more', '   [ ] test', '   [ ] hi', '   [ ] what', '   [ ] j', '   [ ] what', '   [ ] test', '   [ ] test', '   [ ] what is up', '   [ ] test', '   [ ] j']
lines: ['   [ ] create to do list', '-> [x] whats up', '   [x] whats up', '   [ ] lesss gooo', '   [ ] what is up gamers', '   [ ] vibe code some more', '   [ ] test', '   [ ] hi', '   [ ] what', '   [ ] j', '   [ ] what', '   [ ] test', '   [ ] test', '   [ ] what is up', '   [ ] test', '   [ ] j']
Setting todo_id 2 to status 0
lines: ['   [ ] create to do list', '-> [ ] whats up', '   [x] whats up', '   [ ] lesss gooo', '   [ ] what is up gamers', '   [ ] vibe code some more', '   [ ] test', '   [ ] hi', '   [ ] what', '   [ ] j', '   [ ] what', '   [ ] test', '   [ ] test', '   [ ] what is up', '   [ ] test', '   [ ] j']
lines: ['   [ ] create to do list', '   [ ] whats up', '-> [x] whats up', '   [ ] lesss gooo', '   [ ] what is up gamers', '   [ ] vibe code some more', '   [ ] test', '   [ ] hi', '   [ ] what', '   [ ] j', '   [ ] what', '   [ ] test', '   [ ] test', '   [ ] what is up', '   [ ] test', '   [ ] j']
Setting todo_id 3 to status 0
lines: ['   [ ] create to do list', '   [ ] whats up', '-> [ ] whats up', '   [ ] lesss gooo', '   [ ] what is up gamers', '   [ ] vibe code some more', '   [ ] test', '   [ ] hi', '   [ ] what', '   [ ] j', '   [ ] what', '   [ ] test', '   [ ] test', '   [ ] what is up', '   [ ] test', '   [ ] j']
lines: ['   [ ] create to do list', '-> [ ] whats up', '   [ ] whats up', '   [ ] lesss gooo', '   [ ] what is up gamers', '   [ ] vibe code some more', '   [ ] test', '   [ ] hi', '   [ ] what', '   [ ] j', '   [ ] what', '   [ ] test', '   [ ] test', '   [ ] what is up', '   [ ] test', '   [ ] j']
lines: ['-> [ ] create to do list', '   [ ] whats up', '   [ ] whats up', '   [ ] lesss gooo', '   [ ] what is up gamers', '   [ ] vibe code some more', '   [ ] test', '   [ ] hi', '   [ ] what', '   [ ] j', '   [ ] what', '   [ ] test', '   [ ] test', '   [ ] what is up', '   [ ] test', '   [ ] j']
Setting todo_id 1 to status 1
lines: ['-> [x] create to do list', '   [ ] whats up', '   [ ] whats up', '   [ ] lesss gooo', '   [ ] what is up gamers', '   [ ] vibe code some more', '   [ ] test', '   [ ] hi', '   [ ] what', '   [ ] j', '   [ ] what', '   [ ] test', '   [ ] test', '   [ ] what is up', '   [ ] test', '   [ ] j']
Setting todo_id 2 to status 1
Setting todo_id 3 to status 1
Setting todo_id 4 to status 1
Setting todo_id 7 to status 1
Setting todo_id 9 to status 1
Setting todo_id 8 to status 1
Setting todo_id 9 to status 0
Setting todo_id 8 to status 0
Setting todo_id 7 to status 0
Setting todo_id 3 to status 0
Setting todo_id 4 to status 0
Setting todo_id 2 to status 0
Setting todo_id 1 to status 0
Setting todo_id 4 to status 1
Setting todo_id 3 to status 1
Setting todo_id 2 to status 1
Setting todo_id 1 to status 1
Setting todo_id 5 to status 1
Setting todo_id 6 to status 1
Setting todo_id 8 to status 1
Setting todo_id 10 to status 1
Setting todo_id 11 to status 1
Setting todo_id 12 to status 1
Setting todo_id 13 to status 1
Setting todo_id 14 to status 1
Setting todo_id 15 to status 1
Setting todo_id 16 to status 1
Setting todo_id 9 to status 1
Setting todo_id 7 to status 1
